::1 - - [27/Mar/2017:16:47:42 +0000] "GET / HTTP/1.1" 200 1755
::1 - - [27/Mar/2017:16:47:42 +0000] "GET /stylesheets/style.css HTTP/1.1" 304 -
::1 - - [28/Mar/2017:02:17:16 +0000] "GET / HTTP/1.1" 304 -
::1 - - [28/Mar/2017:02:17:16 +0000] "GET /stylesheets/style.css HTTP/1.1" 304 -
::1 - - [28/Mar/2017:02:19:07 +0000] "GET / HTTP/1.1" 304 -
::1 - - [28/Mar/2017:02:19:07 +0000] "GET /stylesheets/style.css HTTP/1.1" 304 -
::1 - - [28/Mar/2017:02:24:07 +0000] "GET /u/william12995/2017-3-28/[%E8%BD%89%E8%BC%89]please HTTP/1.1" 200 1889
::1 - - [28/Mar/2017:02:24:07 +0000] "GET /stylesheets/style.css HTTP/1.1" 304 -
::1 - - [28/Mar/2017:02:24:13 +0000] "GET /logout HTTP/1.1" 302 46
::1 - - [28/Mar/2017:02:24:13 +0000] "GET / HTTP/1.1" 200 1833
::1 - - [28/Mar/2017:02:24:14 +0000] "GET /stylesheets/style.css HTTP/1.1" 304 -
::1 - - [28/Mar/2017:02:24:31 +0000] "POST / HTTP/1.1" 302 46
::1 - - [28/Mar/2017:02:24:31 +0000] "GET / HTTP/1.1" 200 1783
::1 - - [28/Mar/2017:02:24:31 +0000] "GET /stylesheets/style.css HTTP/1.1" 304 -
::1 - - [28/Mar/2017:02:24:33 +0000] "GET /u/william12995/2017-3-28/[%E8%BD%89%E8%BC%89]please HTTP/1.1" 200 2077
::1 - - [28/Mar/2017:02:24:33 +0000] "GET /stylesheets/style.css HTTP/1.1" 304 -
::1 - - [28/Mar/2017:02:24:36 +0000] "GET /remove/william12995/2017-3-28/[%E8%BD%89%E8%BC%89]please HTTP/1.1" 302 46
::1 - - [28/Mar/2017:02:24:36 +0000] "GET / HTTP/1.1" 200 953
::1 - - [28/Mar/2017:02:24:36 +0000] "GET /stylesheets/style.css HTTP/1.1" 304 -
::1 - - [28/Mar/2017:02:24:38 +0000] "GET / HTTP/1.1" 200 927
::1 - - [28/Mar/2017:02:24:38 +0000] "GET /stylesheets/style.css HTTP/1.1" 304 -
::1 - - [28/Mar/2017:02:42:36 +0000] "GET / HTTP/1.1" 304 -
::1 - - [28/Mar/2017:02:42:36 +0000] "GET /stylesheets/style.css HTTP/1.1" 304 -
::1 - - [28/Mar/2017:02:42:37 +0000] "GET /favicon.ico HTTP/1.1" 200 146
::1 - - [28/Mar/2017:02:51:45 +0000] "GET / HTTP/1.1" 304 -
::1 - - [28/Mar/2017:02:51:45 +0000] "GET /stylesheets/style.css HTTP/1.1" 304 -
::1 - - [28/Mar/2017:02:51:45 +0000] "GET /favicon.ico HTTP/1.1" 200 146
::1 - - [28/Mar/2017:02:51:48 +0000] "GET /logout HTTP/1.1" 302 46
::1 - - [28/Mar/2017:02:51:48 +0000] "GET / HTTP/1.1" 200 1003
::1 - - [28/Mar/2017:02:51:48 +0000] "GET /stylesheets/style.css HTTP/1.1" 304 -
::1 - - [28/Mar/2017:02:51:48 +0000] "GET /favicon.ico HTTP/1.1" 304 -
::1 - - [28/Mar/2017:02:51:54 +0000] "GET /reg HTTP/1.1" 500 2033
::1 - - [28/Mar/2017:02:51:54 +0000] "GET /favicon.ico HTTP/1.1" 304 -
::1 - - [28/Mar/2017:02:52:37 +0000] "GET /favicon.ico HTTP/1.1" 304 -
::1 - - [28/Mar/2017:02:52:48 +0000] "GET /upload HTTP/1.1" 500 2029
::1 - - [28/Mar/2017:02:52:48 +0000] "GET /favicon.ico HTTP/1.1" 304 -
::1 - - [28/Mar/2017:02:53:37 +0000] "GET /upload HTTP/1.1" 500 2029
::1 - - [28/Mar/2017:02:53:37 +0000] "GET /favicon.ico HTTP/1.1" 200 146
::1 - - [28/Mar/2017:02:53:39 +0000] "GET /favicon.ico HTTP/1.1" 304 -
::1 - - [28/Mar/2017:02:53:41 +0000] "GET /reg HTTP/1.1" 500 2033
::1 - - [28/Mar/2017:02:53:41 +0000] "GET /favicon.ico HTTP/1.1" 304 -
::1 - - [28/Mar/2017:02:55:51 +0000] "GET /upload HTTP/1.1" 500 2029
::1 - - [28/Mar/2017:02:55:51 +0000] "GET /favicon.ico HTTP/1.1" 304 -
::1 - - [28/Mar/2017:03:02:38 +0000] "GET /upload HTTP/1.1" 500 2029
::1 - - [28/Mar/2017:03:02:38 +0000] "GET /favicon.ico HTTP/1.1" 200 146
::1 - - [28/Mar/2017:03:02:40 +0000] "GET /favicon.ico HTTP/1.1" 304 -
::1 - - [28/Mar/2017:03:02:41 +0000] "GET /favicon.ico HTTP/1.1" 304 -
::1 - - [28/Mar/2017:03:02:54 +0000] "GET /upload HTTP/1.1" 500 2029
::1 - - [28/Mar/2017:03:02:54 +0000] "GET /favicon.ico HTTP/1.1" 304 -
::1 - - [28/Mar/2017:03:06:43 +0000] "GET / HTTP/1.1" 200 977
::1 - - [28/Mar/2017:03:06:43 +0000] "GET /stylesheets/style.css HTTP/1.1" 304 -
::1 - - [28/Mar/2017:03:06:43 +0000] "GET /favicon.ico HTTP/1.1" 304 -
::1 - - [28/Mar/2017:03:06:45 +0000] "GET /login HTTP/1.1" 200 924
::1 - - [28/Mar/2017:03:06:45 +0000] "GET /stylesheets/style.css HTTP/1.1" 304 -
::1 - - [28/Mar/2017:03:06:45 +0000] "GET /favicon.ico HTTP/1.1" 304 -
::1 - - [28/Mar/2017:03:06:53 +0000] "POST /login HTTP/1.1" 302 46
::1 - - [28/Mar/2017:03:06:53 +0000] "GET / HTTP/1.1" 200 952
::1 - - [28/Mar/2017:03:06:53 +0000] "GET /stylesheets/style.css HTTP/1.1" 304 -
::1 - - [28/Mar/2017:03:06:53 +0000] "GET /favicon.ico HTTP/1.1" 304 -
::1 - - [28/Mar/2017:03:06:58 +0000] "GET /reg HTTP/1.1" 500 2033
::1 - - [28/Mar/2017:03:06:58 +0000] "GET /favicon.ico HTTP/1.1" 304 -
::1 - - [28/Mar/2017:03:27:54 +0000] "GET / HTTP/1.1" 200 925
::1 - - [28/Mar/2017:03:27:54 +0000] "GET /stylesheets/style.css HTTP/1.1" 304 -
::1 - - [28/Mar/2017:03:27:55 +0000] "GET /favicon.ico HTTP/1.1" 304 -
::1 - - [28/Mar/2017:03:28:00 +0000] "GET /reg HTTP/1.1" 500 2051
::1 - - [28/Mar/2017:03:28:00 +0000] "GET /favicon.ico HTTP/1.1" 304 -
::1 - - [28/Mar/2017:03:34:42 +0000] "GET / HTTP/1.1" 304 -
::1 - - [28/Mar/2017:03:34:42 +0000] "GET /stylesheets/style.css HTTP/1.1" 304 -
::1 - - [28/Mar/2017:03:34:42 +0000] "GET /favicon.ico HTTP/1.1" 304 -
::1 - - [28/Mar/2017:03:34:46 +0000] "GET /logout HTTP/1.1" 302 46
::1 - - [28/Mar/2017:03:34:46 +0000] "GET / HTTP/1.1" 302 56
::1 - - [28/Mar/2017:03:34:46 +0000] "GET /login HTTP/1.1" 200 950
::1 - - [28/Mar/2017:03:34:46 +0000] "GET /stylesheets/style.css HTTP/1.1" 304 -
::1 - - [28/Mar/2017:03:34:46 +0000] "GET /favicon.ico HTTP/1.1" 302 28
::1 - - [28/Mar/2017:03:34:46 +0000] "GET /login HTTP/1.1" 200 924
::1 - - [28/Mar/2017:03:34:50 +0000] "GET / HTTP/1.1" 302 56
::1 - - [28/Mar/2017:03:34:50 +0000] "GET /login HTTP/1.1" 304 -
::1 - - [28/Mar/2017:03:34:50 +0000] "GET /stylesheets/style.css HTTP/1.1" 304 -
::1 - - [28/Mar/2017:03:34:50 +0000] "GET /favicon.ico HTTP/1.1" 302 28
::1 - - [28/Mar/2017:03:34:50 +0000] "GET /login HTTP/1.1" 304 -
::1 - - [28/Mar/2017:03:35:01 +0000] "POST /login HTTP/1.1" 302 46
::1 - - [28/Mar/2017:03:35:01 +0000] "GET / HTTP/1.1" 200 952
::1 - - [28/Mar/2017:03:35:01 +0000] "GET /stylesheets/style.css HTTP/1.1" 304 -
::1 - - [28/Mar/2017:03:35:01 +0000] "GET /favicon.ico HTTP/1.1" 200 146
::1 - - [28/Mar/2017:03:35:02 +0000] "GET /logout HTTP/1.1" 302 46
::1 - - [28/Mar/2017:03:35:03 +0000] "GET / HTTP/1.1" 302 56
::1 - - [28/Mar/2017:03:35:03 +0000] "GET /login HTTP/1.1" 200 950
::1 - - [28/Mar/2017:03:35:03 +0000] "GET /stylesheets/style.css HTTP/1.1" 304 -
::1 - - [28/Mar/2017:03:35:03 +0000] "GET /favicon.ico HTTP/1.1" 302 28
::1 - - [28/Mar/2017:03:35:03 +0000] "GET /login HTTP/1.1" 200 924
::1 - - [28/Mar/2017:03:35:04 +0000] "GET / HTTP/1.1" 302 56
::1 - - [28/Mar/2017:03:35:04 +0000] "GET /login HTTP/1.1" 304 -
::1 - - [28/Mar/2017:03:35:04 +0000] "GET /stylesheets/style.css HTTP/1.1" 304 -
::1 - - [28/Mar/2017:03:35:04 +0000] "GET /favicon.ico HTTP/1.1" 302 28
::1 - - [28/Mar/2017:03:35:04 +0000] "GET /login HTTP/1.1" 304 -
::1 - - [28/Mar/2017:03:35:05 +0000] "GET / HTTP/1.1" 302 56
::1 - - [28/Mar/2017:03:35:05 +0000] "GET /login HTTP/1.1" 304 -
::1 - - [28/Mar/2017:03:35:05 +0000] "GET /stylesheets/style.css HTTP/1.1" 304 -
::1 - - [28/Mar/2017:03:35:05 +0000] "GET /favicon.ico HTTP/1.1" 302 28
::1 - - [28/Mar/2017:03:35:05 +0000] "GET /login HTTP/1.1" 304 -
::1 - - [28/Mar/2017:03:35:07 +0000] "GET /archive HTTP/1.1" 302 56
::1 - - [28/Mar/2017:03:35:07 +0000] "GET /login HTTP/1.1" 304 -
::1 - - [28/Mar/2017:03:35:07 +0000] "GET /stylesheets/style.css HTTP/1.1" 304 -
::1 - - [28/Mar/2017:03:35:07 +0000] "GET /favicon.ico HTTP/1.1" 302 28
::1 - - [28/Mar/2017:03:35:07 +0000] "GET /login HTTP/1.1" 304 -
::1 - - [28/Mar/2017:03:35:16 +0000] "GET /tags HTTP/1.1" 302 56
::1 - - [28/Mar/2017:03:35:16 +0000] "GET /login HTTP/1.1" 304 -
::1 - - [28/Mar/2017:03:35:16 +0000] "GET /stylesheets/style.css HTTP/1.1" 304 -
::1 - - [28/Mar/2017:03:35:16 +0000] "GET /favicon.ico HTTP/1.1" 302 28
::1 - - [28/Mar/2017:03:35:16 +0000] "GET /login HTTP/1.1" 304 -
::1 - - [28/Mar/2017:03:35:25 +0000] "GET /reg HTTP/1.1" 302 56
::1 - - [28/Mar/2017:03:35:25 +0000] "GET /login HTTP/1.1" 304 -
::1 - - [28/Mar/2017:03:35:25 +0000] "GET /stylesheets/style.css HTTP/1.1" 304 -
::1 - - [28/Mar/2017:03:35:25 +0000] "GET /favicon.ico HTTP/1.1" 302 28
::1 - - [28/Mar/2017:03:35:25 +0000] "GET /login HTTP/1.1" 304 -
::1 - - [28/Mar/2017:03:35:27 +0000] "GET /login HTTP/1.1" 304 -
::1 - - [28/Mar/2017:03:35:27 +0000] "GET /stylesheets/style.css HTTP/1.1" 304 -
::1 - - [28/Mar/2017:03:35:27 +0000] "GET /favicon.ico HTTP/1.1" 302 28
::1 - - [28/Mar/2017:03:35:27 +0000] "GET /login HTTP/1.1" 304 -
::1 - - [28/Mar/2017:03:35:28 +0000] "GET /reg HTTP/1.1" 302 56
::1 - - [28/Mar/2017:03:35:28 +0000] "GET /login HTTP/1.1" 304 -
::1 - - [28/Mar/2017:03:35:28 +0000] "GET /stylesheets/style.css HTTP/1.1" 304 -
::1 - - [28/Mar/2017:03:35:28 +0000] "GET /favicon.ico HTTP/1.1" 302 28
::1 - - [28/Mar/2017:03:35:28 +0000] "GET /login HTTP/1.1" 304 -
::1 - - [28/Mar/2017:03:36:47 +0000] "GET / HTTP/1.1" 302 56
::1 - - [28/Mar/2017:03:36:47 +0000] "GET /login HTTP/1.1" 304 -
::1 - - [28/Mar/2017:03:36:47 +0000] "GET /stylesheets/style.css HTTP/1.1" 304 -
::1 - - [28/Mar/2017:03:36:47 +0000] "GET /favicon.ico HTTP/1.1" 302 28
::1 - - [28/Mar/2017:03:36:47 +0000] "GET /login HTTP/1.1" 304 -
::1 - - [28/Mar/2017:03:37:41 +0000] "GET / HTTP/1.1" 302 56
::1 - - [28/Mar/2017:03:37:41 +0000] "GET /login HTTP/1.1" 304 -
::1 - - [28/Mar/2017:03:37:41 +0000] "GET /stylesheets/style.css HTTP/1.1" 304 -
::1 - - [28/Mar/2017:03:37:41 +0000] "GET /favicon.ico HTTP/1.1" 302 28
::1 - - [28/Mar/2017:03:37:41 +0000] "GET /login HTTP/1.1" 304 -
::1 - - [28/Mar/2017:03:37:51 +0000] "GET /reg HTTP/1.1" 200 1043
::1 - - [28/Mar/2017:03:37:51 +0000] "GET /stylesheets/style.css HTTP/1.1" 304 -
::1 - - [28/Mar/2017:03:37:51 +0000] "GET /favicon.ico HTTP/1.1" 302 28
::1 - - [28/Mar/2017:03:37:51 +0000] "GET /login HTTP/1.1" 304 -
::1 - - [28/Mar/2017:03:37:53 +0000] "GET /login HTTP/1.1" 304 -
::1 - - [28/Mar/2017:03:37:53 +0000] "GET /stylesheets/style.css HTTP/1.1" 304 -
::1 - - [28/Mar/2017:03:37:53 +0000] "GET /favicon.ico HTTP/1.1" 302 28
::1 - - [28/Mar/2017:03:37:53 +0000] "GET /login HTTP/1.1" 304 -
::1 - - [28/Mar/2017:03:37:54 +0000] "GET /tags HTTP/1.1" 302 56
::1 - - [28/Mar/2017:03:37:54 +0000] "GET /login HTTP/1.1" 304 -
::1 - - [28/Mar/2017:03:37:54 +0000] "GET /stylesheets/style.css HTTP/1.1" 304 -
::1 - - [28/Mar/2017:03:37:54 +0000] "GET /favicon.ico HTTP/1.1" 302 28
::1 - - [28/Mar/2017:03:37:54 +0000] "GET /login HTTP/1.1" 304 -
::1 - - [28/Mar/2017:03:37:55 +0000] "GET /archive HTTP/1.1" 302 56
::1 - - [28/Mar/2017:03:37:55 +0000] "GET /login HTTP/1.1" 304 -
::1 - - [28/Mar/2017:03:37:55 +0000] "GET /stylesheets/style.css HTTP/1.1" 304 -
::1 - - [28/Mar/2017:03:37:55 +0000] "GET /favicon.ico HTTP/1.1" 302 28
::1 - - [28/Mar/2017:03:37:55 +0000] "GET /login HTTP/1.1" 304 -
::1 - - [28/Mar/2017:03:37:56 +0000] "GET / HTTP/1.1" 302 56
::1 - - [28/Mar/2017:03:37:56 +0000] "GET /login HTTP/1.1" 304 -
::1 - - [28/Mar/2017:03:37:56 +0000] "GET /stylesheets/style.css HTTP/1.1" 304 -
::1 - - [28/Mar/2017:03:37:56 +0000] "GET /favicon.ico HTTP/1.1" 302 28
::1 - - [28/Mar/2017:03:37:56 +0000] "GET /login HTTP/1.1" 304 -
::1 - - [28/Mar/2017:03:39:03 +0000] "GET / HTTP/1.1" 302 56
::1 - - [28/Mar/2017:03:39:03 +0000] "GET /login HTTP/1.1" 200 949
::1 - - [28/Mar/2017:03:39:03 +0000] "GET /stylesheets/style.css HTTP/1.1" 304 -
::1 - - [28/Mar/2017:03:39:03 +0000] "GET /favicon.ico HTTP/1.1" 302 28
::1 - - [28/Mar/2017:03:39:03 +0000] "GET /login HTTP/1.1" 304 -
::1 - - [28/Mar/2017:03:39:07 +0000] "GET /tags HTTP/1.1" 302 56
::1 - - [28/Mar/2017:03:39:07 +0000] "GET /login HTTP/1.1" 304 -
::1 - - [28/Mar/2017:03:39:07 +0000] "GET /stylesheets/style.css HTTP/1.1" 304 -
::1 - - [28/Mar/2017:03:39:07 +0000] "GET /favicon.ico HTTP/1.1" 302 28
::1 - - [28/Mar/2017:03:39:07 +0000] "GET /login HTTP/1.1" 304 -
::1 - - [28/Mar/2017:03:39:08 +0000] "GET /reg HTTP/1.1" 304 -
::1 - - [28/Mar/2017:03:39:08 +0000] "GET /stylesheets/style.css HTTP/1.1" 304 -
::1 - - [28/Mar/2017:03:39:08 +0000] "GET /favicon.ico HTTP/1.1" 302 28
::1 - - [28/Mar/2017:03:39:08 +0000] "GET /login HTTP/1.1" 304 -
::1 - - [28/Mar/2017:03:39:12 +0000] "GET /login HTTP/1.1" 200 924
::1 - - [28/Mar/2017:03:39:12 +0000] "GET /stylesheets/style.css HTTP/1.1" 304 -
::1 - - [28/Mar/2017:03:39:12 +0000] "GET /favicon.ico HTTP/1.1" 302 28
::1 - - [28/Mar/2017:03:39:12 +0000] "GET /login HTTP/1.1" 200 949
::1 - - [28/Mar/2017:03:39:15 +0000] "GET /tags HTTP/1.1" 302 56
::1 - - [28/Mar/2017:03:39:15 +0000] "GET /login HTTP/1.1" 304 -
::1 - - [28/Mar/2017:03:39:15 +0000] "GET /stylesheets/style.css HTTP/1.1" 304 -
::1 - - [28/Mar/2017:03:39:15 +0000] "GET /favicon.ico HTTP/1.1" 302 28
::1 - - [28/Mar/2017:03:39:15 +0000] "GET /login HTTP/1.1" 304 -
::1 - - [28/Mar/2017:03:39:16 +0000] "GET /archive HTTP/1.1" 302 56
::1 - - [28/Mar/2017:03:39:16 +0000] "GET /login HTTP/1.1" 304 -
::1 - - [28/Mar/2017:03:39:16 +0000] "GET /stylesheets/style.css HTTP/1.1" 304 -
::1 - - [28/Mar/2017:03:39:16 +0000] "GET /favicon.ico HTTP/1.1" 302 28
::1 - - [28/Mar/2017:03:39:16 +0000] "GET /login HTTP/1.1" 304 -
::1 - - [28/Mar/2017:03:39:18 +0000] "GET / HTTP/1.1" 302 56
::1 - - [28/Mar/2017:03:39:18 +0000] "GET /login HTTP/1.1" 304 -
::1 - - [28/Mar/2017:03:39:18 +0000] "GET /stylesheets/style.css HTTP/1.1" 304 -
::1 - - [28/Mar/2017:03:39:18 +0000] "GET /favicon.ico HTTP/1.1" 302 28
::1 - - [28/Mar/2017:03:39:18 +0000] "GET /login HTTP/1.1" 304 -
::1 - - [28/Mar/2017:03:48:29 +0000] "GET / HTTP/1.1" 200 977
::1 - - [28/Mar/2017:03:48:29 +0000] "GET /stylesheets/style.css HTTP/1.1" 304 -
::1 - - [28/Mar/2017:03:48:29 +0000] "GET /favicon.ico HTTP/1.1" 200 146
::1 - - [28/Mar/2017:03:48:55 +0000] "GET /upload HTTP/1.1" 500 2039
::1 - - [28/Mar/2017:03:48:55 +0000] "GET /favicon.ico HTTP/1.1" 304 -
::1 - - [28/Mar/2017:03:50:30 +0000] "GET /upload HTTP/1.1" 500 2039
::1 - - [28/Mar/2017:03:50:30 +0000] "GET /favicon.ico HTTP/1.1" 200 146
::1 - - [28/Mar/2017:03:51:29 +0000] "GET /upload HTTP/1.1" 500 2029
::1 - - [28/Mar/2017:03:51:29 +0000] "GET /favicon.ico HTTP/1.1" 200 146
::1 - - [28/Mar/2017:03:56:31 +0000] "GET /upload HTTP/1.1" 302 56
::1 - - [28/Mar/2017:03:56:31 +0000] "GET /login HTTP/1.1" 304 -
::1 - - [28/Mar/2017:03:56:31 +0000] "GET /stylesheets/style.css HTTP/1.1" 304 -
::1 - - [28/Mar/2017:03:56:31 +0000] "GET /favicon.ico HTTP/1.1" 302 28
::1 - - [28/Mar/2017:03:56:31 +0000] "GET /login HTTP/1.1" 304 -
::1 - - [28/Mar/2017:03:56:44 +0000] "GET /login HTTP/1.1" 200 924
::1 - - [28/Mar/2017:03:56:44 +0000] "GET /stylesheets/style.css HTTP/1.1" 304 -
::1 - - [28/Mar/2017:03:56:44 +0000] "GET /favicon.ico HTTP/1.1" 302 28
::1 - - [28/Mar/2017:03:56:44 +0000] "GET /login HTTP/1.1" 200 949
::1 - - [28/Mar/2017:04:01:51 +0000] "POST /login HTTP/1.1" 302 46
::1 - - [28/Mar/2017:04:01:51 +0000] "GET / HTTP/1.1" 200 952
::1 - - [28/Mar/2017:04:01:51 +0000] "GET /stylesheets/style.css HTTP/1.1" 304 -
::1 - - [28/Mar/2017:04:01:51 +0000] "GET /favicon.ico HTTP/1.1" 200 146
::1 - - [28/Mar/2017:04:02:00 +0000] "GET / HTTP/1.1" 200 925
::1 - - [28/Mar/2017:04:02:00 +0000] "GET /stylesheets/style.css HTTP/1.1" 304 -
::1 - - [28/Mar/2017:04:02:00 +0000] "GET /favicon.ico HTTP/1.1" 200 146
::1 - - [28/Mar/2017:04:16:27 +0000] "GET / HTTP/1.1" 304 -
::1 - - [28/Mar/2017:04:16:27 +0000] "GET /stylesheets/style.css HTTP/1.1" 304 -
::1 - - [28/Mar/2017:04:16:27 +0000] "GET /favicon.ico HTTP/1.1" 200 146
::1 - - [28/Mar/2017:04:16:34 +0000] "GET /logout HTTP/1.1" 302 46
::1 - - [28/Mar/2017:04:16:34 +0000] "GET / HTTP/1.1" 302 56
::1 - - [28/Mar/2017:04:16:34 +0000] "GET /login HTTP/1.1" 200 975
::1 - - [28/Mar/2017:04:16:34 +0000] "GET /stylesheets/style.css HTTP/1.1" 304 -
::1 - - [28/Mar/2017:04:16:34 +0000] "GET /favicon.ico HTTP/1.1" 302 28
::1 - - [28/Mar/2017:04:16:34 +0000] "GET /login HTTP/1.1" 200 949
::1 - - [28/Mar/2017:04:16:37 +0000] "GET / HTTP/1.1" 302 56
::1 - - [28/Mar/2017:04:16:37 +0000] "GET /login HTTP/1.1" 304 -
::1 - - [28/Mar/2017:04:16:37 +0000] "GET /stylesheets/style.css HTTP/1.1" 304 -
::1 - - [28/Mar/2017:04:16:37 +0000] "GET /favicon.ico HTTP/1.1" 302 28
::1 - - [28/Mar/2017:04:16:37 +0000] "GET /login HTTP/1.1" 304 -
::1 - - [28/Mar/2017:04:16:39 +0000] "GET /reg HTTP/1.1" 304 -
::1 - - [28/Mar/2017:04:16:39 +0000] "GET /stylesheets/style.css HTTP/1.1" 304 -
::1 - - [28/Mar/2017:04:16:39 +0000] "GET /favicon.ico HTTP/1.1" 302 28
::1 - - [28/Mar/2017:04:16:39 +0000] "GET /login HTTP/1.1" 304 -
::1 - - [28/Mar/2017:04:16:40 +0000] "GET /tags HTTP/1.1" 302 56
::1 - - [28/Mar/2017:04:16:40 +0000] "GET /login HTTP/1.1" 304 -
::1 - - [28/Mar/2017:04:16:40 +0000] "GET /stylesheets/style.css HTTP/1.1" 304 -
::1 - - [28/Mar/2017:04:16:40 +0000] "GET /favicon.ico HTTP/1.1" 302 28
::1 - - [28/Mar/2017:04:16:40 +0000] "GET /login HTTP/1.1" 304 -
::1 - - [28/Mar/2017:04:16:41 +0000] "GET /archive HTTP/1.1" 302 56
::1 - - [28/Mar/2017:04:16:41 +0000] "GET /login HTTP/1.1" 304 -
::1 - - [28/Mar/2017:04:16:41 +0000] "GET /stylesheets/style.css HTTP/1.1" 304 -
::1 - - [28/Mar/2017:04:16:41 +0000] "GET /favicon.ico HTTP/1.1" 302 28
::1 - - [28/Mar/2017:04:16:41 +0000] "GET /login HTTP/1.1" 304 -
::1 - - [28/Mar/2017:04:16:42 +0000] "GET / HTTP/1.1" 302 56
::1 - - [28/Mar/2017:04:16:42 +0000] "GET /login HTTP/1.1" 304 -
::1 - - [28/Mar/2017:04:16:42 +0000] "GET /stylesheets/style.css HTTP/1.1" 304 -
::1 - - [28/Mar/2017:04:16:42 +0000] "GET /favicon.ico HTTP/1.1" 302 28
::1 - - [28/Mar/2017:04:16:42 +0000] "GET /login HTTP/1.1" 304 -
::1 - - [28/Mar/2017:04:21:01 +0000] "GET / HTTP/1.1" 200 977
::1 - - [28/Mar/2017:04:21:01 +0000] "GET /stylesheets/style.css HTTP/1.1" 304 -
::1 - - [28/Mar/2017:04:21:01 +0000] "GET /favicon.ico HTTP/1.1" 200 146
::1 - - [28/Mar/2017:04:21:08 +0000] "GET /upload HTTP/1.1" 500 2029
::1 - - [28/Mar/2017:04:21:08 +0000] "GET /favicon.ico HTTP/1.1" 304 -
::1 - - [28/Mar/2017:04:23:58 +0000] "GET /upload HTTP/1.1" 200 1086
::1 - - [28/Mar/2017:04:23:58 +0000] "GET /stylesheets/style.css HTTP/1.1" 304 -
::1 - - [28/Mar/2017:04:23:58 +0000] "GET /favicon.ico HTTP/1.1" 200 146
::1 - - [28/Mar/2017:04:24:03 +0000] "GET / HTTP/1.1" 304 -
::1 - - [28/Mar/2017:04:24:03 +0000] "GET /stylesheets/style.css HTTP/1.1" 304 -
::1 - - [28/Mar/2017:04:24:03 +0000] "GET /favicon.ico HTTP/1.1" 304 -
::1 - - [28/Mar/2017:04:24:12 +0000] "POST / HTTP/1.1" 302 46
::1 - - [28/Mar/2017:04:24:12 +0000] "GET / HTTP/1.1" 200 951
::1 - - [28/Mar/2017:04:24:12 +0000] "GET /stylesheets/style.css HTTP/1.1" 304 -
::1 - - [28/Mar/2017:04:24:12 +0000] "GET /favicon.ico HTTP/1.1" 304 -
::1 - - [28/Mar/2017:04:24:16 +0000] "GET /reg HTTP/1.1" 304 -
::1 - - [28/Mar/2017:04:24:16 +0000] "GET /stylesheets/style.css HTTP/1.1" 304 -
::1 - - [28/Mar/2017:04:24:16 +0000] "GET /favicon.ico HTTP/1.1" 304 -
::1 - - [28/Mar/2017:04:30:13 +0000] "GET / HTTP/1.1" 200 925
::1 - - [28/Mar/2017:04:30:13 +0000] "GET /stylesheets/style.css HTTP/1.1" 304 -
::1 - - [28/Mar/2017:04:30:13 +0000] "GET /favicon.ico HTTP/1.1" 304 -
::1 - - [28/Mar/2017:04:30:15 +0000] "GET /logout HTTP/1.1" 302 46
::1 - - [28/Mar/2017:04:30:15 +0000] "GET / HTTP/1.1" 200 1003
::1 - - [28/Mar/2017:04:30:15 +0000] "GET /stylesheets/style.css HTTP/1.1" 304 -
::1 - - [28/Mar/2017:04:30:15 +0000] "GET /favicon.ico HTTP/1.1" 304 -
::1 - - [28/Mar/2017:04:30:17 +0000] "GET /archive HTTP/1.1" 200 785
::1 - - [28/Mar/2017:04:30:17 +0000] "GET /stylesheets/style.css HTTP/1.1" 304 -
::1 - - [28/Mar/2017:04:30:17 +0000] "GET /favicon.ico HTTP/1.1" 304 -
::1 - - [28/Mar/2017:04:30:19 +0000] "GET /tags HTTP/1.1" 200 750
::1 - - [28/Mar/2017:04:30:19 +0000] "GET /stylesheets/style.css HTTP/1.1" 304 -
::1 - - [28/Mar/2017:04:30:19 +0000] "GET /favicon.ico HTTP/1.1" 304 -
::1 - - [28/Mar/2017:04:30:21 +0000] "GET / HTTP/1.1" 200 977
::1 - - [28/Mar/2017:04:30:21 +0000] "GET /stylesheets/style.css HTTP/1.1" 304 -
::1 - - [28/Mar/2017:04:30:21 +0000] "GET /favicon.ico HTTP/1.1" 304 -
::1 - - [28/Mar/2017:04:30:22 +0000] "GET /login HTTP/1.1" 200 924
::1 - - [28/Mar/2017:04:30:22 +0000] "GET /stylesheets/style.css HTTP/1.1" 304 -
::1 - - [28/Mar/2017:04:30:22 +0000] "GET /favicon.ico HTTP/1.1" 304 -
::1 - - [28/Mar/2017:04:30:30 +0000] "GET /upload HTTP/1.1" 304 -
::1 - - [28/Mar/2017:04:30:30 +0000] "GET /stylesheets/style.css HTTP/1.1" 304 -
::1 - - [28/Mar/2017:04:30:30 +0000] "GET /favicon.ico HTTP/1.1" 304 -
::1 - - [28/Mar/2017:04:31:29 +0000] "GET /upload HTTP/1.1" 500 1984
::1 - - [28/Mar/2017:04:31:29 +0000] "GET /favicon.ico HTTP/1.1" 200 146
::1 - - [28/Mar/2017:04:31:53 +0000] "GET /upload HTTP/1.1" 302 56
::1 - - [28/Mar/2017:04:31:53 +0000] "GET /login HTTP/1.1" 200 958
::1 - - [28/Mar/2017:04:31:53 +0000] "GET /stylesheets/style.css HTTP/1.1" 304 -
::1 - - [28/Mar/2017:04:31:53 +0000] "GET /favicon.ico HTTP/1.1" 304 -
::1 - - [28/Mar/2017:04:31:55 +0000] "GET / HTTP/1.1" 304 -
::1 - - [28/Mar/2017:04:31:55 +0000] "GET /stylesheets/style.css HTTP/1.1" 304 -
::1 - - [28/Mar/2017:04:31:56 +0000] "GET /favicon.ico HTTP/1.1" 304 -
::1 - - [28/Mar/2017:04:31:59 +0000] "GET /upload HTTP/1.1" 302 56
::1 - - [28/Mar/2017:04:31:59 +0000] "GET /login HTTP/1.1" 200 947
::1 - - [28/Mar/2017:04:31:59 +0000] "GET /stylesheets/style.css HTTP/1.1" 304 -
::1 - - [28/Mar/2017:04:31:59 +0000] "GET /favicon.ico HTTP/1.1" 304 -
::1 - - [28/Mar/2017:04:32:03 +0000] "GET /reg HTTP/1.1" 304 -
::1 - - [28/Mar/2017:04:32:03 +0000] "GET /stylesheets/style.css HTTP/1.1" 304 -
::1 - - [28/Mar/2017:04:32:04 +0000] "GET /favicon.ico HTTP/1.1" 304 -
::1 - - [28/Mar/2017:04:32:05 +0000] "GET /tags HTTP/1.1" 304 -
::1 - - [28/Mar/2017:04:32:05 +0000] "GET /stylesheets/style.css HTTP/1.1" 304 -
::1 - - [28/Mar/2017:04:32:05 +0000] "GET /favicon.ico HTTP/1.1" 304 -
::1 - - [28/Mar/2017:04:32:06 +0000] "GET /archive HTTP/1.1" 304 -
::1 - - [28/Mar/2017:04:32:06 +0000] "GET /stylesheets/style.css HTTP/1.1" 304 -
::1 - - [28/Mar/2017:04:32:06 +0000] "GET /favicon.ico HTTP/1.1" 304 -
::1 - - [28/Mar/2017:04:32:07 +0000] "GET / HTTP/1.1" 304 -
::1 - - [28/Mar/2017:04:32:07 +0000] "GET /stylesheets/style.css HTTP/1.1" 304 -
::1 - - [28/Mar/2017:04:32:07 +0000] "GET /favicon.ico HTTP/1.1" 304 -
::1 - - [28/Mar/2017:04:32:15 +0000] "POST / HTTP/1.1" 302 56
::1 - - [28/Mar/2017:04:32:15 +0000] "GET /login HTTP/1.1" 200 950
::1 - - [28/Mar/2017:04:32:15 +0000] "GET /stylesheets/style.css HTTP/1.1" 304 -
::1 - - [28/Mar/2017:04:32:15 +0000] "GET /favicon.ico HTTP/1.1" 304 -
::1 - - [28/Mar/2017:04:32:25 +0000] "POST /login HTTP/1.1" 302 46
::1 - - [28/Mar/2017:04:32:25 +0000] "GET / HTTP/1.1" 200 954
::1 - - [28/Mar/2017:04:32:25 +0000] "GET /stylesheets/style.css HTTP/1.1" 304 -
::1 - - [28/Mar/2017:04:32:25 +0000] "GET /favicon.ico HTTP/1.1" 304 -
::1 - - [28/Mar/2017:04:32:28 +0000] "GET /upload HTTP/1.1" 200 1149
::1 - - [28/Mar/2017:04:32:28 +0000] "GET /stylesheets/style.css HTTP/1.1" 304 -
::1 - - [28/Mar/2017:04:32:28 +0000] "GET /favicon.ico HTTP/1.1" 304 -
::1 - - [28/Mar/2017:04:32:29 +0000] "GET /post HTTP/1.1" 200 1142
::1 - - [28/Mar/2017:04:32:29 +0000] "GET /stylesheets/style.css HTTP/1.1" 304 -
::1 - - [28/Mar/2017:04:32:29 +0000] "GET /favicon.ico HTTP/1.1" 304 -
::1 - - [28/Mar/2017:04:32:31 +0000] "GET /tags HTTP/1.1" 200 813
::1 - - [28/Mar/2017:04:32:31 +0000] "GET /stylesheets/style.css HTTP/1.1" 304 -
::1 - - [28/Mar/2017:04:32:31 +0000] "GET /favicon.ico HTTP/1.1" 304 -
::1 - - [28/Mar/2017:04:32:32 +0000] "GET /archive HTTP/1.1" 200 848
::1 - - [28/Mar/2017:04:32:32 +0000] "GET /stylesheets/style.css HTTP/1.1" 304 -
::1 - - [28/Mar/2017:04:32:32 +0000] "GET /favicon.ico HTTP/1.1" 304 -
::1 - - [28/Mar/2017:04:32:33 +0000] "GET / HTTP/1.1" 200 927
::1 - - [28/Mar/2017:04:32:33 +0000] "GET /stylesheets/style.css HTTP/1.1" 304 -
::1 - - [28/Mar/2017:04:32:33 +0000] "GET /favicon.ico HTTP/1.1" 304 -
::1 - - [28/Mar/2017:04:32:37 +0000] "GET /reg HTTP/1.1" 500 1978
::1 - - [28/Mar/2017:04:32:37 +0000] "GET /favicon.ico HTTP/1.1" 304 -
::1 - - [28/Mar/2017:04:33:28 +0000] "GET /reg HTTP/1.1" 302 46
::1 - - [28/Mar/2017:04:33:28 +0000] "GET / HTTP/1.1" 200 950
::1 - - [28/Mar/2017:04:33:28 +0000] "GET /stylesheets/style.css HTTP/1.1" 304 -
::1 - - [28/Mar/2017:04:33:28 +0000] "GET /favicon.ico HTTP/1.1" 304 -
::1 - - [28/Mar/2017:04:33:39 +0000] "GET /post HTTP/1.1" 304 -
::1 - - [28/Mar/2017:04:33:39 +0000] "GET /stylesheets/style.css HTTP/1.1" 304 -
::1 - - [28/Mar/2017:04:33:39 +0000] "GET /favicon.ico HTTP/1.1" 304 -
::1 - - [28/Mar/2017:04:34:26 +0000] "POST /post HTTP/1.1" 302 46
::1 - - [28/Mar/2017:04:34:26 +0000] "GET / HTTP/1.1" 200 1704
::1 - - [28/Mar/2017:04:34:26 +0000] "GET /stylesheets/style.css HTTP/1.1" 304 -
::1 - - [28/Mar/2017:04:34:26 +0000] "GET /favicon.ico HTTP/1.1" 304 -
::1 - - [28/Mar/2017:04:34:30 +0000] "GET /logout HTTP/1.1" 302 46
::1 - - [28/Mar/2017:04:34:30 +0000] "GET / HTTP/1.1" 200 1754
::1 - - [28/Mar/2017:04:34:30 +0000] "GET /stylesheets/style.css HTTP/1.1" 304 -
::1 - - [28/Mar/2017:04:34:30 +0000] "GET /favicon.ico HTTP/1.1" 304 -
::1 - - [28/Mar/2017:04:34:37 +0000] "POST / HTTP/1.1" 302 46
::1 - - [28/Mar/2017:04:34:37 +0000] "GET / HTTP/1.1" 200 1702
::1 - - [28/Mar/2017:04:34:37 +0000] "GET /stylesheets/style.css HTTP/1.1" 304 -
::1 - - [28/Mar/2017:04:34:37 +0000] "GET /favicon.ico HTTP/1.1" 304 -
::1 - - [28/Mar/2017:04:34:38 +0000] "GET /u/william12995/2017-3-28/%E7%AC%AC%E4%B8%80%E7%AF%87%E6%96%87%E7%AB%A0 HTTP/1.1" 200 1587
::1 - - [28/Mar/2017:04:34:38 +0000] "GET /stylesheets/style.css HTTP/1.1" 304 -
::1 - - [28/Mar/2017:04:34:39 +0000] "GET /favicon.ico HTTP/1.1" 304 -
::1 - - [28/Mar/2017:04:35:32 +0000] "POST /u/william12995/2017-3-28/%E7%AC%AC%E4%B8%80%E7%AF%87%E6%96%87%E7%AB%A0 HTTP/1.1" 302 228
::1 - - [28/Mar/2017:04:35:32 +0000] "GET /u/william12995/2017-3-28/%E7%AC%AC%E4%B8%80%E7%AF%87%E6%96%87%E7%AB%A0 HTTP/1.1" 200 1977
::1 - - [28/Mar/2017:04:35:32 +0000] "GET /stylesheets/style.css HTTP/1.1" 304 -
::1 - - [28/Mar/2017:04:35:32 +0000] "GET /images/ball.png HTTP/1.1" 304 -
::1 - - [28/Mar/2017:04:35:33 +0000] "GET /favicon.ico HTTP/1.1" 304 -
::1 - - [28/Mar/2017:04:35:38 +0000] "GET /reprint/william12995/2017-3-28/%E7%AC%AC%E4%B8%80%E7%AF%87%E6%96%87%E7%AB%A0 HTTP/1.1" 302 230
::1 - - [28/Mar/2017:04:35:38 +0000] "GET /u/rino881209/2017-3-28/%5B%E8%BD%89%E8%BC%89%5D%E7%AC%AC%E4%B8%80%E7%AF%87%E6%96%87%E7%AB%A0 HTTP/1.1" 200 1813
::1 - - [28/Mar/2017:04:35:38 +0000] "GET /stylesheets/style.css HTTP/1.1" 304 -
::1 - - [28/Mar/2017:04:35:38 +0000] "GET /favicon.ico HTTP/1.1" 304 -
::1 - - [28/Mar/2017:04:35:40 +0000] "GET / HTTP/1.1" 200 2515
::1 - - [28/Mar/2017:04:35:41 +0000] "GET /stylesheets/style.css HTTP/1.1" 304 -
::1 - - [28/Mar/2017:04:35:41 +0000] "GET /favicon.ico HTTP/1.1" 304 -
::1 - - [28/Mar/2017:04:35:46 +0000] "GET /u/william12995/2017-3-28/%E7%AC%AC%E4%B8%80%E7%AF%87%E6%96%87%E7%AB%A0 HTTP/1.1" 200 1880
::1 - - [28/Mar/2017:04:35:46 +0000] "GET /stylesheets/style.css HTTP/1.1" 304 -
::1 - - [28/Mar/2017:04:35:46 +0000] "GET /images/ball.png HTTP/1.1" 304 -
::1 - - [28/Mar/2017:04:35:46 +0000] "GET /favicon.ico HTTP/1.1" 304 -
::1 - - [28/Mar/2017:04:35:51 +0000] "GET /logout HTTP/1.1" 302 46
::1 - - [28/Mar/2017:04:35:51 +0000] "GET / HTTP/1.1" 200 2593
::1 - - [28/Mar/2017:04:35:51 +0000] "GET /stylesheets/style.css HTTP/1.1" 304 -
::1 - - [28/Mar/2017:04:35:51 +0000] "GET /favicon.ico HTTP/1.1" 304 -
::1 - - [28/Mar/2017:04:36:00 +0000] "POST / HTTP/1.1" 302 46
::1 - - [28/Mar/2017:04:36:00 +0000] "GET / HTTP/1.1" 200 2543
::1 - - [28/Mar/2017:04:36:00 +0000] "GET /stylesheets/style.css HTTP/1.1" 304 -
::1 - - [28/Mar/2017:04:36:00 +0000] "GET /favicon.ico HTTP/1.1" 304 -
::1 - - [28/Mar/2017:04:36:02 +0000] "GET /u/rino881209/2017-3-28/[%E8%BD%89%E8%BC%89]%E7%AC%AC%E4%B8%80%E7%AF%87%E6%96%87%E7%AB%A0 HTTP/1.1" 200 1600
::1 - - [28/Mar/2017:04:36:02 +0000] "GET /stylesheets/style.css HTTP/1.1" 304 -
::1 - - [28/Mar/2017:04:36:02 +0000] "GET /favicon.ico HTTP/1.1" 304 -
::1 - - [28/Mar/2017:04:36:04 +0000] "GET /favicon.ico HTTP/1.1" 304 -
::1 - - [28/Mar/2017:04:36:08 +0000] "GET /u/william12995/2017-3-28/%E7%AC%AC%E4%B8%80%E7%AF%87%E6%96%87%E7%AB%A0 HTTP/1.1" 200 2050
::1 - - [28/Mar/2017:04:36:08 +0000] "GET /stylesheets/style.css HTTP/1.1" 304 -
::1 - - [28/Mar/2017:04:36:08 +0000] "GET /images/ball.png HTTP/1.1" 304 -
::1 - - [28/Mar/2017:04:36:08 +0000] "GET /favicon.ico HTTP/1.1" 304 -
::1 - - [28/Mar/2017:04:36:27 +0000] "POST /u/william12995/2017-3-28/%E7%AC%AC%E4%B8%80%E7%AF%87%E6%96%87%E7%AB%A0 HTTP/1.1" 302 228
::1 - - [28/Mar/2017:04:36:27 +0000] "GET /u/william12995/2017-3-28/%E7%AC%AC%E4%B8%80%E7%AF%87%E6%96%87%E7%AB%A0 HTTP/1.1" 200 2396
::1 - - [28/Mar/2017:04:36:27 +0000] "GET /stylesheets/style.css HTTP/1.1" 304 -
::1 - - [28/Mar/2017:04:36:27 +0000] "GET /images/ball.png HTTP/1.1" 304 -
::1 - - [28/Mar/2017:04:36:27 +0000] "GET /favicon.ico HTTP/1.1" 304 -
::1 - - [28/Mar/2017:04:36:32 +0000] "GET /logout HTTP/1.1" 302 46
::1 - - [28/Mar/2017:04:36:32 +0000] "GET / HTTP/1.1" 200 2593
::1 - - [28/Mar/2017:04:36:32 +0000] "GET /stylesheets/style.css HTTP/1.1" 304 -
::1 - - [28/Mar/2017:04:36:32 +0000] "GET /favicon.ico HTTP/1.1" 304 -
::1 - - [28/Mar/2017:04:36:33 +0000] "GET / HTTP/1.1" 200 2567
::1 - - [28/Mar/2017:04:36:33 +0000] "GET /stylesheets/style.css HTTP/1.1" 304 -
::1 - - [28/Mar/2017:04:36:33 +0000] "GET /favicon.ico HTTP/1.1" 304 -
::1 - - [28/Mar/2017:04:36:36 +0000] "GET /u/william12995/2017-3-28/%E7%AC%AC%E4%B8%80%E7%AF%87%E6%96%87%E7%AB%A0 HTTP/1.1" 200 2052
::1 - - [28/Mar/2017:04:36:36 +0000] "GET /stylesheets/style.css HTTP/1.1" 304 -
::1 - - [28/Mar/2017:04:36:36 +0000] "GET /images/ball.png HTTP/1.1" 304 -
::1 - - [28/Mar/2017:04:36:36 +0000] "GET /favicon.ico HTTP/1.1" 304 -
::1 - - [28/Mar/2017:04:37:04 +0000] "POST /u/william12995/2017-3-28/%E7%AC%AC%E4%B8%80%E7%AF%87%E6%96%87%E7%AB%A0 HTTP/1.1" 302 228
::1 - - [28/Mar/2017:04:37:04 +0000] "GET /u/william12995/2017-3-28/%E7%AC%AC%E4%B8%80%E7%AF%87%E6%96%87%E7%AB%A0 HTTP/1.1" 200 2365
::1 - - [28/Mar/2017:04:37:04 +0000] "GET /stylesheets/style.css HTTP/1.1" 304 -
::1 - - [28/Mar/2017:04:37:04 +0000] "GET /images/ball.png HTTP/1.1" 304 -
::1 - - [28/Mar/2017:04:37:04 +0000] "GET /favicon.ico HTTP/1.1" 304 -
::1 - - [28/Mar/2017:04:37:09 +0000] "GET /favicon.ico HTTP/1.1" 304 -
::1 - - [28/Mar/2017:04:37:12 +0000] "GET / HTTP/1.1" 200 2567
::1 - - [28/Mar/2017:04:37:12 +0000] "GET /stylesheets/style.css HTTP/1.1" 304 -
::1 - - [28/Mar/2017:04:37:12 +0000] "GET /favicon.ico HTTP/1.1" 304 -
::1 - - [28/Mar/2017:04:37:19 +0000] "GET /login HTTP/1.1" 200 924
::1 - - [28/Mar/2017:04:37:19 +0000] "GET /stylesheets/style.css HTTP/1.1" 304 -
::1 - - [28/Mar/2017:04:37:19 +0000] "GET /favicon.ico HTTP/1.1" 304 -
::1 - - [28/Mar/2017:04:37:27 +0000] "POST /login HTTP/1.1" 302 56
::1 - - [28/Mar/2017:04:37:27 +0000] "GET /login HTTP/1.1" 200 950
::1 - - [28/Mar/2017:04:37:27 +0000] "GET /stylesheets/style.css HTTP/1.1" 304 -
::1 - - [28/Mar/2017:04:37:27 +0000] "GET /favicon.ico HTTP/1.1" 304 -
::1 - - [28/Mar/2017:04:37:34 +0000] "POST /login HTTP/1.1" 302 46
::1 - - [28/Mar/2017:04:37:34 +0000] "GET / HTTP/1.1" 200 2542
::1 - - [28/Mar/2017:04:37:34 +0000] "GET /stylesheets/style.css HTTP/1.1" 304 -
::1 - - [28/Mar/2017:04:37:35 +0000] "GET /favicon.ico HTTP/1.1" 304 -
